{"ts":"2025-12-30T16:16:26.351Z","event":"create_order","status":"created","amountRupees":110,"amountPaise":11000,"receipt":"rcpt_1767111384895","orderId":"order_Rxsy7ZX9C5kn9k"}
{"ts":"2025-12-30T16:34:23.935Z","event":"create_order","status":"created","amountRupees":170,"amountPaise":17000,"receipt":"rcpt_1767112463687","orderId":"order_RxtH5uIotYkQnD"}
{"ts":"2025-12-30T16:34:34.693Z","event":"create_order","status":"created","amountRupees":170,"amountPaise":17000,"receipt":"rcpt_1767112474513","orderId":"order_RxtHHeBfNSJMtj"}
{"ts":"2025-12-30T16:36:15.451Z","event":"create_order","status":"created","amountRupees":170,"amountPaise":17000,"receipt":"rcpt_1767112575263","orderId":"order_RxtJ3d60Jj3yPF"}
{"ts":"2025-12-30T16:36:22.230Z","event":"create_order","status":"created","amountRupees":170,"amountPaise":17000,"receipt":"rcpt_1767112582030","orderId":"order_RxtJB0zAo09Fub"}
{"ts":"2025-12-30T16:36:29.046Z","event":"create_order","status":"created","amountRupees":170,"amountPaise":17000,"receipt":"rcpt_1767112588871","orderId":"order_RxtJITHI82g0DQ"}
{"ts":"2025-12-30T16:36:43.044Z","event":"create_order","status":"created","amountRupees":170,"amountPaise":17000,"receipt":"rcpt_1767112602862","orderId":"order_RxtJXkJntJjU5T"}
{"ts":"2025-12-30T16:39:57.394Z","event":"create_order","status":"created","amountRupees":170,"amountPaise":17000,"receipt":"rcpt_1767112797174","orderId":"order_RxtMxspGnURpAn"}
{"ts":"2025-12-30T16:39:57.477Z","event":"create_order","status":"created","amountRupees":170,"amountPaise":17000,"receipt":"rcpt_1767112797226","orderId":"order_RxtMxxMBv65OrM"}
{"ts":"2025-12-30T16:44:45.321Z","event":"create_order","status":"created","amountRupees":170,"amountPaise":17000,"receipt":"rcpt_1767113085104","orderId":"order_RxtS2BSFTgxuvk"}
{"ts":"2025-12-30T17:06:09.114Z","event":"create_order","status":"created","amountRupees":170,"amountPaise":17000,"receipt":"rcpt_1767114368880","orderId":"order_RxtodVji5EssF7"}
{"ts":"2025-12-30T17:08:32.741Z","event":"create_order","status":"created","amountRupees":170,"amountPaise":17000,"receipt":"rcpt_1767114512531","orderId":"order_RxtrAHaVHG0uJ1"}
{"ts":"2025-12-30T17:08:43.554Z","event":"create_order","status":"created","amountRupees":170,"amountPaise":17000,"receipt":"rcpt_1767114523300","orderId":"order_RxtrM4oegdTc51"}
{"ts":"2025-12-30T17:11:59.684Z","event":"create_order","status":"created","amountRupees":170,"amountPaise":17000,"receipt":"rcpt_1767114719495","orderId":"order_RxtuoBk2uYRgJT"}
{"ts":"2025-12-30T17:13:24.101Z","event":"create_order","status":"created","amountRupees":140,"amountPaise":14000,"receipt":"rcpt_1767114803921","orderId":"order_RxtwIJyWbtFDtt"}
{"ts":"2025-12-30T17:14:25.627Z","event":"create_order","status":"created","amountRupees":136,"amountPaise":13600,"receipt":"rcpt_1767114865414","orderId":"order_RxtxNUb16MY6Wr"}
{"ts":"2025-12-30T17:14:35.254Z","event":"create_order","status":"created","amountRupees":136,"amountPaise":13600,"receipt":"rcpt_1767114875004","orderId":"order_RxtxXyEGkxiYjO"}
{"ts":"2025-12-30T17:14:51.869Z","event":"create_order","status":"created","amountRupees":136,"amountPaise":13600,"receipt":"rcpt_1767114891703","orderId":"order_Rxtxq8g66qRHfw"}
{"ts":"2025-12-30T17:15:54.395Z","event":"create_order","status":"created","amountRupees":136,"amountPaise":13600,"receipt":"rcpt_1767114954239","orderId":"order_RxtywO5nraAOwt"}
{"ts":"2025-12-30T17:18:17.684Z","event":"create_order","status":"created","amountRupees":170,"amountPaise":17000,"receipt":"rcpt_1767115097478","orderId":"order_Rxu1SmX1DPhC7H"}
{"ts":"2025-12-30T17:30:47.955Z","event":"create_order","status":"created","amountRupees":170,"amountPaise":17000,"receipt":"rcpt_1767115847657","orderId":"order_RxuEfl2b1NoF3Y"}
{"ts":"2025-12-30T17:33:24.546Z","event":"create_order","status":"created","amountRupees":170,"amountPaise":17000,"receipt":"rcpt_1767116004342","orderId":"order_RxuHQgkYGq6VPX"}
{"ts":"2025-12-30T17:33:35.911Z","event":"create_order","status":"created","amountRupees":170,"amountPaise":17000,"receipt":"rcpt_1767116015743","orderId":"order_RxuHd5FQ69fYvF"}
{"ts":"2025-12-30T17:34:28.153Z","event":"create_order","status":"created","amountRupees":170,"amountPaise":17000,"receipt":"rcpt_1767116067958","orderId":"order_RxuIY7ZH5NUaM9"}
{"ts":"2025-12-30T17:44:28.107Z","event":"create_order","status":"created","amountRupees":200,"amountPaise":20000,"receipt":"rcpt_1767116667941","orderId":"order_RxuT70Tr3xW2tD"}
{"ts":"2025-12-30T17:45:53.059Z","event":"create_order","status":"created","amountRupees":200,"amountPaise":20000,"receipt":"rcpt_1767116752877","orderId":"order_RxuUbjS701GKT1"}
{"ts":"2025-12-30T17:49:23.697Z","event":"create_order","status":"created","amountRupees":200,"amountPaise":20000,"receipt":"rcpt_1767116963206","orderId":"order_RxuYJJTYqMKrah"}
{"ts":"2025-12-30T17:49:38.023Z","event":"create_order","status":"created","amountRupees":200,"amountPaise":20000,"receipt":"rcpt_1767116977853","orderId":"order_RxuYZIPpdplgok"}
{"ts":"2025-12-30T17:50:09.805Z","event":"create_order","status":"created","amountRupees":200,"amountPaise":20000,"receipt":"rcpt_1767117009636","orderId":"order_RxuZ7ym5bmLbuU"}
{"ts":"2025-12-30T17:54:04.319Z","event":"create_order","status":"created","amountRupees":200,"amountPaise":20000,"receipt":"rcpt_1767117244133","orderId":"order_RxudFyQy4rvDCq"}
{"ts":"2025-12-30T17:54:22.289Z","event":"create_order","status":"created","amountRupees":200,"amountPaise":20000,"receipt":"rcpt_1767117262092","orderId":"order_RxudZaBIuQbs7U"}
{"ts":"2025-12-30T17:59:02.094Z","event":"create_order","status":"created","amountRupees":200,"amountPaise":20000,"receipt":"rcpt_1767117541903","orderId":"order_RxuiV168vgXWG7"}
{"ts":"2025-12-30T18:01:09.963Z","event":"create_order","status":"created","amountRupees":200,"amountPaise":20000,"receipt":"rcpt_1767117669749","orderId":"order_RxukkaNIwWSF7c"}
{"ts":"2025-12-30T18:04:06.558Z","event":"create_order","status":"created","amountRupees":200,"amountPaise":20000,"receipt":"rcpt_1767117846389","orderId":"order_RxunrLgPrAhcRP"}
{"ts":"2025-12-30T18:05:33.699Z","event":"create_order","status":"created","amountRupees":200,"amountPaise":20000,"receipt":"rcpt_1767117933525","orderId":"order_RxupOTGTHwiPf9"}
{"ts":"2025-12-30T18:10:00.985Z","event":"create_order","status":"created","amountRupees":200,"amountPaise":20000,"receipt":"rcpt_1767118200819","orderId":"order_Rxuu6DmDbEpKkU"}
{"ts":"2025-12-30T18:14:20.344Z","event":"create_order","status":"created","amountRupees":200,"amountPaise":20000,"receipt":"rcpt_1767118460172","orderId":"order_RxuyfKo6Ze3hiS"}
{"ts":"2025-12-30T18:15:05.412Z","event":"create_order","status":"created","amountRupees":200,"amountPaise":20000,"receipt":"rcpt_1767118505219","orderId":"order_RxuzSWwgqhaVxP"}
{"ts":"2025-12-30T18:15:16.531Z","event":"create_order","status":"created","amountRupees":200,"amountPaise":20000,"receipt":"rcpt_1767118516356","orderId":"order_RxuzefRkuF9TRC"}
{"ts":"2025-12-30T18:15:30.744Z","event":"create_order","status":"created","amountRupees":200,"amountPaise":20000,"receipt":"rcpt_1767118530566","orderId":"order_RxuzuBDEloQvhR"}
{"ts":"2025-12-30T18:15:46.346Z","event":"create_order","status":"created","amountRupees":200,"amountPaise":20000,"receipt":"rcpt_1767118546180","orderId":"order_Rxv0BDG5gdUKaK"}
{"ts":"2025-12-30T18:16:03.784Z","event":"create_order","status":"created","amountRupees":200,"amountPaise":20000,"receipt":"rcpt_1767118563589","orderId":"order_Rxv0UF1NyeQ2Z5"}
{"ts":"2025-12-30T18:16:33.082Z","event":"create_order","status":"created","amountRupees":200,"amountPaise":20000,"receipt":"rcpt_1767118592778","orderId":"order_Rxv10CtWEW8AtT"}
{"ts":"2025-12-30T18:22:57.096Z","event":"create_order","status":"created","amountRupees":200,"amountPaise":20000,"receipt":"rcpt_1767118976924","orderId":"order_Rxv7lOuXrbjORu"}
{"ts":"2025-12-30T18:23:10.428Z","event":"create_order","status":"created","amountRupees":200,"amountPaise":20000,"receipt":"rcpt_1767118990230","orderId":"order_Rxv7zwstw5TvNR"}
{"ts":"2025-12-30T18:26:06.487Z","event":"create_order","status":"created","amountRupees":200,"amountPaise":20000,"receipt":"rcpt_1767119166324","orderId":"order_RxvB68PGy3Z2rz"}
{"ts":"2025-12-30T18:28:52.747Z","event":"create_order","status":"created","amountRupees":200,"amountPaise":20000,"receipt":"rcpt_1767119332563","orderId":"order_RxvE1cCMkv95zT"}
{"ts":"2025-12-30T18:32:34.147Z","event":"create_order","status":"created","amountRupees":200,"amountPaise":20000,"receipt":"rcpt_1767119553907","orderId":"order_RxvHvGUVJRIC0i"}
{"ts":"2025-12-30T18:35:01.293Z","event":"create_order","status":"created","amountRupees":200,"amountPaise":20000,"receipt":"rcpt_1767119701015","orderId":"order_RxvKVtpofQoWN5"}
{"ts":"2025-12-30T18:35:29.870Z","event":"create_order","status":"created","amountRupees":200,"amountPaise":20000,"receipt":"rcpt_1767119729714","orderId":"order_RxvL168qzA6xK8"}
{"ts":"2025-12-30T18:36:08.352Z","event":"create_order","status":"created","amountRupees":200,"amountPaise":20000,"receipt":"rcpt_1767119768165","orderId":"order_RxvLh6H5qb1iEG"}
{"ts":"2025-12-30T18:36:18.355Z","event":"create_order","status":"created","amountRupees":200,"amountPaise":20000,"receipt":"rcpt_1767119778166","orderId":"order_RxvLs1FK1mIQTL"}
{"ts":"2025-12-30T18:36:45.516Z","event":"create_order","status":"created","amountRupees":200,"amountPaise":20000,"receipt":"rcpt_1767119805348","orderId":"order_RxvMLfVPEaPj3f"}
{"ts":"2025-12-30T18:37:24.663Z","event":"create_order","status":"created","amountRupees":230,"amountPaise":23000,"receipt":"rcpt_1767119844470","orderId":"order_RxvN2ONJbROcRv"}
{"ts":"2025-12-30T18:52:02.286Z","event":"create_order","status":"created","amountRupees":370,"amountPaise":37000,"receipt":"rcpt_1767120722043","orderId":"order_RxvcUNasPWauKd"}
{"ts":"2025-12-30T18:55:48.245Z","event":"create_order","status":"created","amountRupees":370,"amountPaise":37000,"receipt":"rcpt_1767120948036","orderId":"order_RxvgT19qHzHoyR"}
{"ts":"2025-12-30T18:56:10.014Z","event":"create_order","status":"created","amountRupees":370,"amountPaise":37000,"receipt":"rcpt_1767120969843","orderId":"order_Rxvgqn0ihPhG0c"}
{"ts":"2025-12-30T19:24:53.262Z","event":"create_order","status":"created","amountRupees":260,"amountPaise":26000,"receipt":"rcpt_1767122693033","orderId":"order_RxwBBoVzqOzO1n"}
{"ts":"2025-12-30T19:30:26.263Z","event":"create_order","status":"created","amountRupees":140,"amountPaise":14000,"receipt":"rcpt_1767123026067","orderId":"order_RxwH3IuaRlsdLF"}
